2015/07/20 23:29:56 [error] [exception.CException] exception 'CException' with message 'Property "SiteController.pageCaption" is not defined.' in C:\xampp\htdocs\yii\framework\base\CComponent.php:173
Stack trace:
#0 C:\xampp\htdocs\peruviangoods_beta\themes\bootstrap\views\site\index.php(2): CComponent->__set('pageCaption', '')
#1 C:\xampp\htdocs\yii\framework\web\CBaseController.php(126): require('C:\\xampp\\htdocs...')
#2 C:\xampp\htdocs\yii\framework\web\CBaseController.php(95): CBaseController->renderInternal('C:\\xampp\\htdocs...', NULL, true)
#3 C:\xampp\htdocs\yii\framework\web\CController.php(869): CBaseController->renderFile('C:\\xampp\\htdocs...', NULL, true)
#4 C:\xampp\htdocs\yii\framework\web\CController.php(782): CController->renderPartial('index', NULL, true)
#5 C:\xampp\htdocs\peruviangoods_beta\protected\controllers\SiteController.php(32): CController->render('index')
#6 C:\xampp\htdocs\yii\framework\web\actions\CInlineAction.php(49): SiteController->actionIndex()
#7 C:\xampp\htdocs\yii\framework\web\CController.php(308): CInlineAction->runWithParams(Array)
#8 C:\xampp\htdocs\yii\framework\web\CController.php(286): CController->runAction(Object(CInlineAction))
#9 C:\xampp\htdocs\yii\framework\web\CController.php(265): CController->runActionWithFilters(Object(CInlineAction), Array)
#10 C:\xampp\htdocs\yii\framework\web\CWebApplication.php(282): CController->run('')
#11 C:\xampp\htdocs\yii\framework\web\CWebApplication.php(141): CWebApplication->runController('')
#12 C:\xampp\htdocs\yii\framework\base\CApplication.php(184): CWebApplication->processRequest()
#13 C:\xampp\htdocs\peruviangoods_beta\index.php(13): CApplication->run()
#14 {main}
REQUEST_URI=/peruviangoods_beta/
---
2015/07/20 23:33:03 [error] [exception.CException] exception 'CException' with message 'Property "SiteController.pageCaption" is not defined.' in C:\xampp\htdocs\yii\framework\base\CComponent.php:173
Stack trace:
#0 C:\xampp\htdocs\peruviangoods_beta\themes\bootstrap\views\site\index.php(2): CComponent->__set('pageCaption', '')
#1 C:\xampp\htdocs\yii\framework\web\CBaseController.php(126): require('C:\\xampp\\htdocs...')
#2 C:\xampp\htdocs\yii\framework\web\CBaseController.php(95): CBaseController->renderInternal('C:\\xampp\\htdocs...', NULL, true)
#3 C:\xampp\htdocs\yii\framework\web\CController.php(869): CBaseController->renderFile('C:\\xampp\\htdocs...', NULL, true)
#4 C:\xampp\htdocs\yii\framework\web\CController.php(782): CController->renderPartial('index', NULL, true)
#5 C:\xampp\htdocs\peruviangoods_beta\protected\controllers\SiteController.php(32): CController->render('index')
#6 C:\xampp\htdocs\yii\framework\web\actions\CInlineAction.php(49): SiteController->actionIndex()
#7 C:\xampp\htdocs\yii\framework\web\CController.php(308): CInlineAction->runWithParams(Array)
#8 C:\xampp\htdocs\yii\framework\web\CController.php(286): CController->runAction(Object(CInlineAction))
#9 C:\xampp\htdocs\yii\framework\web\CController.php(265): CController->runActionWithFilters(Object(CInlineAction), Array)
#10 C:\xampp\htdocs\yii\framework\web\CWebApplication.php(282): CController->run('')
#11 C:\xampp\htdocs\yii\framework\web\CWebApplication.php(141): CWebApplication->runController('')
#12 C:\xampp\htdocs\yii\framework\base\CApplication.php(184): CWebApplication->processRequest()
#13 C:\xampp\htdocs\peruviangoods_beta\index.php(13): CApplication->run()
#14 {main}
REQUEST_URI=/peruviangoods_beta/
---
2015/07/20 23:33:16 [error] [exception.CHttpException.404] exception 'CHttpException' with message 'Unable to resolve the request "login".' in C:\xampp\htdocs\yii\framework\web\CWebApplication.php:286
Stack trace:
#0 C:\xampp\htdocs\yii\framework\web\CWebApplication.php(141): CWebApplication->runController('login')
#1 C:\xampp\htdocs\yii\framework\base\CApplication.php(184): CWebApplication->processRequest()
#2 C:\xampp\htdocs\peruviangoods_beta\index.php(13): CApplication->run()
#3 {main}
REQUEST_URI=/peruviangoods_beta/login
---
2015/07/20 23:33:22 [error] [exception.CException] exception 'CException' with message 'Property "SiteController.pageCaption" is not defined.' in C:\xampp\htdocs\yii\framework\base\CComponent.php:173
Stack trace:
#0 C:\xampp\htdocs\peruviangoods_beta\themes\bootstrap\views\site\index.php(2): CComponent->__set('pageCaption', '')
#1 C:\xampp\htdocs\yii\framework\web\CBaseController.php(126): require('C:\\xampp\\htdocs...')
#2 C:\xampp\htdocs\yii\framework\web\CBaseController.php(95): CBaseController->renderInternal('C:\\xampp\\htdocs...', NULL, true)
#3 C:\xampp\htdocs\yii\framework\web\CController.php(869): CBaseController->renderFile('C:\\xampp\\htdocs...', NULL, true)
#4 C:\xampp\htdocs\yii\framework\web\CController.php(782): CController->renderPartial('index', NULL, true)
#5 C:\xampp\htdocs\peruviangoods_beta\protected\controllers\SiteController.php(32): CController->render('index')
#6 C:\xampp\htdocs\yii\framework\web\actions\CInlineAction.php(49): SiteController->actionIndex()
#7 C:\xampp\htdocs\yii\framework\web\CController.php(308): CInlineAction->runWithParams(Array)
#8 C:\xampp\htdocs\yii\framework\web\CController.php(286): CController->runAction(Object(CInlineAction))
#9 C:\xampp\htdocs\yii\framework\web\CController.php(265): CController->runActionWithFilters(Object(CInlineAction), Array)
#10 C:\xampp\htdocs\yii\framework\web\CWebApplication.php(282): CController->run('')
#11 C:\xampp\htdocs\yii\framework\web\CWebApplication.php(141): CWebApplication->runController('site')
#12 C:\xampp\htdocs\yii\framework\base\CApplication.php(184): CWebApplication->processRequest()
#13 C:\xampp\htdocs\peruviangoods_beta\index.php(13): CApplication->run()
#14 {main}
REQUEST_URI=/peruviangoods_beta/site
---
2015/07/20 23:33:33 [error] [exception.CException] exception 'CException' with message 'Property "SiteController.pageCaption" is not defined.' in C:\xampp\htdocs\yii\framework\base\CComponent.php:173
Stack trace:
#0 C:\xampp\htdocs\peruviangoods_beta\themes\bootstrap\views\site\login.php(2): CComponent->__set('pageCaption', 'Login')
#1 C:\xampp\htdocs\yii\framework\web\CBaseController.php(126): require('C:\\xampp\\htdocs...')
#2 C:\xampp\htdocs\yii\framework\web\CBaseController.php(95): CBaseController->renderInternal('C:\\xampp\\htdocs...', Array, true)
#3 C:\xampp\htdocs\yii\framework\web\CController.php(869): CBaseController->renderFile('C:\\xampp\\htdocs...', Array, true)
#4 C:\xampp\htdocs\yii\framework\web\CController.php(782): CController->renderPartial('login', Array, true)
#5 C:\xampp\htdocs\peruviangoods_beta\protected\controllers\SiteController.php(98): CController->render('login', Array)
#6 C:\xampp\htdocs\yii\framework\web\actions\CInlineAction.php(49): SiteController->actionLogin()
#7 C:\xampp\htdocs\yii\framework\web\CController.php(308): CInlineAction->runWithParams(Array)
#8 C:\xampp\htdocs\yii\framework\web\CController.php(286): CController->runAction(Object(CInlineAction))
#9 C:\xampp\htdocs\yii\framework\web\CController.php(265): CController->runActionWithFilters(Object(CInlineAction), Array)
#10 C:\xampp\htdocs\yii\framework\web\CWebApplication.php(282): CController->run('login')
#11 C:\xampp\htdocs\yii\framework\web\CWebApplication.php(141): CWebApplication->runController('site/login')
#12 C:\xampp\htdocs\yii\framework\base\CApplication.php(184): CWebApplication->processRequest()
#13 C:\xampp\htdocs\peruviangoods_beta\index.php(13): CApplication->run()
#14 {main}
REQUEST_URI=/peruviangoods_beta/index.php/site/login
---
2015/07/20 23:35:02 [error] [exception.CException] exception 'CException' with message 'Property "SiteController.pageCaption" is not defined.' in C:\xampp\htdocs\yii\framework\base\CComponent.php:173
Stack trace:
#0 C:\xampp\htdocs\peruviangoods_beta\themes\bootstrap\views\site\login.php(2): CComponent->__set('pageCaption', 'Login')
#1 C:\xampp\htdocs\yii\framework\web\CBaseController.php(126): require('C:\\xampp\\htdocs...')
#2 C:\xampp\htdocs\yii\framework\web\CBaseController.php(95): CBaseController->renderInternal('C:\\xampp\\htdocs...', Array, true)
#3 C:\xampp\htdocs\yii\framework\web\CController.php(869): CBaseController->renderFile('C:\\xampp\\htdocs...', Array, true)
#4 C:\xampp\htdocs\yii\framework\web\CController.php(782): CController->renderPartial('login', Array, true)
#5 C:\xampp\htdocs\peruviangoods_beta\protected\controllers\SiteController.php(98): CController->render('login', Array)
#6 C:\xampp\htdocs\yii\framework\web\actions\CInlineAction.php(49): SiteController->actionLogin()
#7 C:\xampp\htdocs\yii\framework\web\CController.php(308): CInlineAction->runWithParams(Array)
#8 C:\xampp\htdocs\yii\framework\web\CController.php(286): CController->runAction(Object(CInlineAction))
#9 C:\xampp\htdocs\yii\framework\web\CController.php(265): CController->runActionWithFilters(Object(CInlineAction), Array)
#10 C:\xampp\htdocs\yii\framework\web\CWebApplication.php(282): CController->run('login')
#11 C:\xampp\htdocs\yii\framework\web\CWebApplication.php(141): CWebApplication->runController('site/login')
#12 C:\xampp\htdocs\yii\framework\base\CApplication.php(184): CWebApplication->processRequest()
#13 C:\xampp\htdocs\peruviangoods_beta\index.php(13): CApplication->run()
#14 {main}
REQUEST_URI=/peruviangoods_beta/index.php/site/login
---
2015/07/20 23:36:51 [error] [exception.CException] exception 'CException' with message 'Property "SiteController.pageCaption" is not defined.' in C:\xampp\htdocs\yii\framework\base\CComponent.php:173
Stack trace:
#0 C:\xampp\htdocs\peruviangoods_beta\themes\bootstrap\views\site\index.php(2): CComponent->__set('pageCaption', '')
#1 C:\xampp\htdocs\yii\framework\web\CBaseController.php(126): require('C:\\xampp\\htdocs...')
#2 C:\xampp\htdocs\yii\framework\web\CBaseController.php(95): CBaseController->renderInternal('C:\\xampp\\htdocs...', NULL, true)
#3 C:\xampp\htdocs\yii\framework\web\CController.php(869): CBaseController->renderFile('C:\\xampp\\htdocs...', NULL, true)
#4 C:\xampp\htdocs\yii\framework\web\CController.php(782): CController->renderPartial('index', NULL, true)
#5 C:\xampp\htdocs\peruviangoods_beta\protected\controllers\SiteController.php(32): CController->render('index')
#6 C:\xampp\htdocs\yii\framework\web\actions\CInlineAction.php(49): SiteController->actionIndex()
#7 C:\xampp\htdocs\yii\framework\web\CController.php(308): CInlineAction->runWithParams(Array)
#8 C:\xampp\htdocs\yii\framework\web\CController.php(286): CController->runAction(Object(CInlineAction))
#9 C:\xampp\htdocs\yii\framework\web\CController.php(265): CController->runActionWithFilters(Object(CInlineAction), Array)
#10 C:\xampp\htdocs\yii\framework\web\CWebApplication.php(282): CController->run('')
#11 C:\xampp\htdocs\yii\framework\web\CWebApplication.php(141): CWebApplication->runController('')
#12 C:\xampp\htdocs\yii\framework\base\CApplication.php(184): CWebApplication->processRequest()
#13 C:\xampp\htdocs\peruviangoods_beta\index.php(13): CApplication->run()
#14 {main}
REQUEST_URI=/peruviangoods_beta/
---
2015/07/20 23:38:17 [error] [exception.CException] exception 'CException' with message 'Property "SiteController.pageCaption" is not defined.' in C:\xampp\htdocs\yii\framework\base\CComponent.php:173
Stack trace:
#0 C:\xampp\htdocs\peruviangoods_beta\themes\bootstrap\views\site\index.php(2): CComponent->__set('pageCaption', '')
#1 C:\xampp\htdocs\yii\framework\web\CBaseController.php(126): require('C:\\xampp\\htdocs...')
#2 C:\xampp\htdocs\yii\framework\web\CBaseController.php(95): CBaseController->renderInternal('C:\\xampp\\htdocs...', NULL, true)
#3 C:\xampp\htdocs\yii\framework\web\CController.php(869): CBaseController->renderFile('C:\\xampp\\htdocs...', NULL, true)
#4 C:\xampp\htdocs\yii\framework\web\CController.php(782): CController->renderPartial('index', NULL, true)
#5 C:\xampp\htdocs\peruviangoods_beta\protected\controllers\SiteController.php(32): CController->render('index')
#6 C:\xampp\htdocs\yii\framework\web\actions\CInlineAction.php(49): SiteController->actionIndex()
#7 C:\xampp\htdocs\yii\framework\web\CController.php(308): CInlineAction->runWithParams(Array)
#8 C:\xampp\htdocs\yii\framework\web\CController.php(286): CController->runAction(Object(CInlineAction))
#9 C:\xampp\htdocs\yii\framework\web\CController.php(265): CController->runActionWithFilters(Object(CInlineAction), Array)
#10 C:\xampp\htdocs\yii\framework\web\CWebApplication.php(282): CController->run('')
#11 C:\xampp\htdocs\yii\framework\web\CWebApplication.php(141): CWebApplication->runController('')
#12 C:\xampp\htdocs\yii\framework\base\CApplication.php(184): CWebApplication->processRequest()
#13 C:\xampp\htdocs\peruviangoods_beta\index.php(13): CApplication->run()
#14 {main}
REQUEST_URI=/peruviangoods_beta/
---
2015/07/20 23:39:17 [error] [exception.CException] exception 'CException' with message 'Property "SiteController.pageCaption" is not defined.' in C:\xampp\htdocs\yii\framework\base\CComponent.php:130
Stack trace:
#0 C:\xampp\htdocs\peruviangoods_beta\themes\bootstrap\views\layouts\column1.php(4): CComponent->__get('pageCaption')
#1 C:\xampp\htdocs\yii\framework\web\CBaseController.php(126): require('C:\\xampp\\htdocs...')
#2 C:\xampp\htdocs\yii\framework\web\CBaseController.php(95): CBaseController->renderInternal('C:\\xampp\\htdocs...', Array, true)
#3 C:\xampp\htdocs\yii\framework\web\CController.php(784): CBaseController->renderFile('C:\\xampp\\htdocs...', Array, true)
#4 C:\xampp\htdocs\peruviangoods_beta\protected\controllers\SiteController.php(32): CController->render('index')
#5 C:\xampp\htdocs\yii\framework\web\actions\CInlineAction.php(49): SiteController->actionIndex()
#6 C:\xampp\htdocs\yii\framework\web\CController.php(308): CInlineAction->runWithParams(Array)
#7 C:\xampp\htdocs\yii\framework\web\CController.php(286): CController->runAction(Object(CInlineAction))
#8 C:\xampp\htdocs\yii\framework\web\CController.php(265): CController->runActionWithFilters(Object(CInlineAction), Array)
#9 C:\xampp\htdocs\yii\framework\web\CWebApplication.php(282): CController->run('')
#10 C:\xampp\htdocs\yii\framework\web\CWebApplication.php(141): CWebApplication->runController('')
#11 C:\xampp\htdocs\yii\framework\base\CApplication.php(184): CWebApplication->processRequest()
#12 C:\xampp\htdocs\peruviangoods_beta\index.php(13): CApplication->run()
#13 {main}
REQUEST_URI=/peruviangoods_beta/
---
2015/07/20 23:40:43 [error] [php] include(BBreadcrumbs.php): failed to open stream: No such file or directory (C:\xampp\htdocs\yii\framework\YiiBase.php:432)
Stack trace:
#0 unknown(0): spl_autoload_call()
#1 C:\xampp\htdocs\yii\framework\YiiBase.php(303): class_exists()
#2 C:\xampp\htdocs\yii\framework\web\CWidgetFactory.php(146): import()
#3 C:\xampp\htdocs\yii\framework\web\CBaseController.php(146): CWidgetFactory->createWidget()
#4 C:\xampp\htdocs\yii\framework\web\CBaseController.php(180): SiteController->createWidget()
#5 C:\xampp\htdocs\peruviangoods_beta\themes\bootstrap\views\layouts\main.php(61): SiteController->widget()
#6 C:\xampp\htdocs\yii\framework\web\CBaseController.php(126): require()
#7 C:\xampp\htdocs\yii\framework\web\CBaseController.php(95): SiteController->renderInternal()
#8 C:\xampp\htdocs\yii\framework\web\widgets\CContentDecorator.php(76): SiteController->renderFile()
#9 C:\xampp\htdocs\yii\framework\web\widgets\CContentDecorator.php(54): CContentDecorator->decorate()
#10 C:\xampp\htdocs\yii\framework\web\widgets\COutputProcessor.php(44): CContentDecorator->processOutput()
#11 C:\xampp\htdocs\yii\framework\web\CBaseController.php(214): CContentDecorator->run()
#12 C:\xampp\htdocs\yii\framework\web\CBaseController.php(308): SiteController->endWidget()
#13 C:\xampp\htdocs\peruviangoods_beta\themes\bootstrap\views\layouts\column1.php(9): SiteController->endContent()
#14 C:\xampp\htdocs\yii\framework\web\CBaseController.php(126): require()
#15 C:\xampp\htdocs\yii\framework\web\CBaseController.php(95): SiteController->renderInternal()
#16 C:\xampp\htdocs\yii\framework\web\CController.php(784): SiteController->renderFile()
#17 C:\xampp\htdocs\peruviangoods_beta\protected\controllers\SiteController.php(32): SiteController->render()
#18 C:\xampp\htdocs\yii\framework\web\actions\CInlineAction.php(49): SiteController->actionIndex()
#19 C:\xampp\htdocs\yii\framework\web\CController.php(308): CInlineAction->runWithParams()
#20 C:\xampp\htdocs\yii\framework\web\CController.php(286): SiteController->runAction()
#21 C:\xampp\htdocs\yii\framework\web\CController.php(265): SiteController->runActionWithFilters()
#22 C:\xampp\htdocs\yii\framework\web\CWebApplication.php(282): SiteController->run()
#23 C:\xampp\htdocs\yii\framework\web\CWebApplication.php(141): CWebApplication->runController()
#24 C:\xampp\htdocs\yii\framework\base\CApplication.php(184): CWebApplication->processRequest()
#25 C:\xampp\htdocs\peruviangoods_beta\index.php(13): CWebApplication->run()
REQUEST_URI=/peruviangoods_beta/
in C:\xampp\htdocs\peruviangoods_beta\themes\bootstrap\views\layouts\main.php (61)
in C:\xampp\htdocs\peruviangoods_beta\themes\bootstrap\views\layouts\column1.php (9)
in C:\xampp\htdocs\peruviangoods_beta\protected\controllers\SiteController.php (32)
2015/07/20 23:45:15 [error] [exception.CException] exception 'CException' with message 'Property "SiteController.pageCaption" is not defined.' in C:\xampp\htdocs\yii\framework\base\CComponent.php:173
Stack trace:
#0 C:\xampp\htdocs\peruviangoods_beta\themes\bootstrap\views\site\index.php(2): CComponent->__set('pageCaption', '')
#1 C:\xampp\htdocs\yii\framework\web\CBaseController.php(126): require('C:\\xampp\\htdocs...')
#2 C:\xampp\htdocs\yii\framework\web\CBaseController.php(95): CBaseController->renderInternal('C:\\xampp\\htdocs...', NULL, true)
#3 C:\xampp\htdocs\yii\framework\web\CController.php(869): CBaseController->renderFile('C:\\xampp\\htdocs...', NULL, true)
#4 C:\xampp\htdocs\yii\framework\web\CController.php(782): CController->renderPartial('index', NULL, true)
#5 C:\xampp\htdocs\peruviangoods_beta\protected\controllers\SiteController.php(32): CController->render('index')
#6 C:\xampp\htdocs\yii\framework\web\actions\CInlineAction.php(49): SiteController->actionIndex()
#7 C:\xampp\htdocs\yii\framework\web\CController.php(308): CInlineAction->runWithParams(Array)
#8 C:\xampp\htdocs\yii\framework\web\CController.php(286): CController->runAction(Object(CInlineAction))
#9 C:\xampp\htdocs\yii\framework\web\CController.php(265): CController->runActionWithFilters(Object(CInlineAction), Array)
#10 C:\xampp\htdocs\yii\framework\web\CWebApplication.php(282): CController->run('')
#11 C:\xampp\htdocs\yii\framework\web\CWebApplication.php(141): CWebApplication->runController('')
#12 C:\xampp\htdocs\yii\framework\base\CApplication.php(184): CWebApplication->processRequest()
#13 C:\xampp\htdocs\peruviangoods_beta\index.php(13): CApplication->run()
#14 {main}
REQUEST_URI=/peruviangoods_beta/
---
2015/07/20 23:45:41 [error] [exception.CException] exception 'CException' with message 'Property "SiteController.pageCaption" is not defined.' in C:\xampp\htdocs\yii\framework\base\CComponent.php:173
Stack trace:
#0 C:\xampp\htdocs\peruviangoods_beta\themes\bootstrap\views\site\index.php(2): CComponent->__set('pageCaption', '')
#1 C:\xampp\htdocs\yii\framework\web\CBaseController.php(126): require('C:\\xampp\\htdocs...')
#2 C:\xampp\htdocs\yii\framework\web\CBaseController.php(95): CBaseController->renderInternal('C:\\xampp\\htdocs...', NULL, true)
#3 C:\xampp\htdocs\yii\framework\web\CController.php(869): CBaseController->renderFile('C:\\xampp\\htdocs...', NULL, true)
#4 C:\xampp\htdocs\yii\framework\web\CController.php(782): CController->renderPartial('index', NULL, true)
#5 C:\xampp\htdocs\peruviangoods_beta\protected\controllers\SiteController.php(32): CController->render('index')
#6 C:\xampp\htdocs\yii\framework\web\actions\CInlineAction.php(49): SiteController->actionIndex()
#7 C:\xampp\htdocs\yii\framework\web\CController.php(308): CInlineAction->runWithParams(Array)
#8 C:\xampp\htdocs\yii\framework\web\CController.php(286): CController->runAction(Object(CInlineAction))
#9 C:\xampp\htdocs\yii\framework\web\CController.php(265): CController->runActionWithFilters(Object(CInlineAction), Array)
#10 C:\xampp\htdocs\yii\framework\web\CWebApplication.php(282): CController->run('')
#11 C:\xampp\htdocs\yii\framework\web\CWebApplication.php(141): CWebApplication->runController('')
#12 C:\xampp\htdocs\yii\framework\base\CApplication.php(184): CWebApplication->processRequest()
#13 C:\xampp\htdocs\peruviangoods_beta\index.php(13): CApplication->run()
#14 {main}
REQUEST_URI=/peruviangoods_beta/
---
2015/07/20 23:46:33 [error] [php] include(BController.php): failed to open stream: No such file or directory (C:\xampp\htdocs\yii\framework\YiiBase.php:432)
Stack trace:
#0 C:\xampp\htdocs\peruviangoods_beta\protected\components\Controller.php(25): spl_autoload_call()
#1 C:\xampp\htdocs\yii\framework\web\CWebApplication.php(281): SiteController->init()
#2 C:\xampp\htdocs\yii\framework\web\CWebApplication.php(141): CWebApplication->runController()
#3 C:\xampp\htdocs\yii\framework\base\CApplication.php(184): CWebApplication->processRequest()
#4 C:\xampp\htdocs\peruviangoods_beta\index.php(13): CWebApplication->run()
REQUEST_URI=/peruviangoods_beta/
in C:\xampp\htdocs\peruviangoods_beta\protected\components\Controller.php (25)
in C:\xampp\htdocs\peruviangoods_beta\index.php (13)
2015/07/20 23:51:47 [error] [php] include(BController.php): failed to open stream: No such file or directory (C:\xampp\htdocs\yii\framework\YiiBase.php:432)
Stack trace:
#0 C:\xampp\htdocs\peruviangoods_beta\protected\components\Controller.php(25): spl_autoload_call()
#1 C:\xampp\htdocs\yii\framework\web\CWebApplication.php(281): SiteController->init()
#2 C:\xampp\htdocs\yii\framework\web\CWebApplication.php(141): CWebApplication->runController()
#3 C:\xampp\htdocs\yii\framework\base\CApplication.php(184): CWebApplication->processRequest()
#4 C:\xampp\htdocs\peruviangoods_beta\index.php(13): CWebApplication->run()
REQUEST_URI=/peruviangoods_beta/
in C:\xampp\htdocs\peruviangoods_beta\protected\components\Controller.php (25)
in C:\xampp\htdocs\peruviangoods_beta\index.php (13)
2015/07/20 23:53:06 [error] [exception.CHttpException.404] exception 'CHttpException' with message 'Unable to resolve the request "images/favicon.ico".' in C:\xampp\htdocs\yii\framework\web\CWebApplication.php:286
Stack trace:
#0 C:\xampp\htdocs\yii\framework\web\CWebApplication.php(141): CWebApplication->runController('images/favicon....')
#1 C:\xampp\htdocs\yii\framework\base\CApplication.php(184): CWebApplication->processRequest()
#2 C:\xampp\htdocs\peruviangoods_beta\index.php(13): CApplication->run()
#3 {main}
REQUEST_URI=/peruviangoods_beta/images/favicon.ico
---
2015/07/20 23:53:06 [error] [exception.CHttpException.404] exception 'CHttpException' with message 'Unable to resolve the request "images/favicon.ico".' in C:\xampp\htdocs\yii\framework\web\CWebApplication.php:286
Stack trace:
#0 C:\xampp\htdocs\yii\framework\web\CWebApplication.php(141): CWebApplication->runController('images/favicon....')
#1 C:\xampp\htdocs\yii\framework\base\CApplication.php(184): CWebApplication->processRequest()
#2 C:\xampp\htdocs\peruviangoods_beta\index.php(13): CApplication->run()
#3 {main}
REQUEST_URI=/peruviangoods_beta/images/favicon.ico
---
